  317008041_Reporte10_GPO12.cpp
D:\8 semestre\computacion grafica\practicas\pract10\317008041_Reporte10_GPO12\Practica_10\Practica_10\317008041_Reporte10_GPO12.cpp(196,24): warning C4244: 'inicializando': conversión de 'double' a 'GLfloat'; posible pérdida de datos
D:\8 semestre\computacion grafica\practicas\pract10\317008041_Reporte10_GPO12\Practica_10\Practica_10\317008041_Reporte10_GPO12.cpp(231,20): warning C4244: '=': conversión de 'double' a 'T'; posible pérdida de datos
          with
          [
              T=float
          ]
D:\8 semestre\computacion grafica\practicas\pract10\317008041_Reporte10_GPO12\Practica_10\Practica_10\317008041_Reporte10_GPO12.cpp(232,20): warning C4244: '=': conversión de 'double' a 'T'; posible pérdida de datos
          with
          [
              T=float
          ]
D:\8 semestre\computacion grafica\practicas\pract10\317008041_Reporte10_GPO12\Practica_10\Practica_10\317008041_Reporte10_GPO12.cpp(233,20): warning C4244: '=': conversión de 'double' a 'T'; posible pérdida de datos
          with
          [
              T=float
          ]
D:\8 semestre\computacion grafica\practicas\pract10\317008041_Reporte10_GPO12\Practica_10\Practica_10\317008041_Reporte10_GPO12.cpp(323,25): warning C4244: '=': conversión de 'double' a 'float'; posible pérdida de datos
D:\8 semestre\computacion grafica\practicas\pract10\317008041_Reporte10_GPO12\Practica_10\Practica_10\317008041_Reporte10_GPO12.cpp(544,11): warning C4244: '=': conversión de 'double' a 'GLfloat'; posible pérdida de datos
D:\8 semestre\computacion grafica\practicas\pract10\317008041_Reporte10_GPO12\Practica_10\Practica_10\317008041_Reporte10_GPO12.cpp(545,11): warning C4244: '=': conversión de 'double' a 'GLfloat'; posible pérdida de datos
D:\8 semestre\computacion grafica\practicas\pract10\317008041_Reporte10_GPO12\Practica_10\Practica_10\317008041_Reporte10_GPO12.cpp(549,18): warning C4244: 'inicializando': conversión de 'double' a 'GLfloat'; posible pérdida de datos
D:\8 semestre\computacion grafica\practicas\pract10\317008041_Reporte10_GPO12\Practica_10\Practica_10\317008041_Reporte10_GPO12.cpp(550,18): warning C4244: 'inicializando': conversión de 'double' a 'GLfloat'; posible pérdida de datos
D:\8 semestre\computacion grafica\practicas\pract10\317008041_Reporte10_GPO12\Practica_10\Practica_10\317008041_Reporte10_GPO12.cpp(552,10): warning C4244: '=': conversión de 'double' a 'GLfloat'; posible pérdida de datos
D:\8 semestre\computacion grafica\practicas\pract10\317008041_Reporte10_GPO12\Practica_10\Practica_10\317008041_Reporte10_GPO12.cpp(553,10): warning C4244: '=': conversión de 'double' a 'GLfloat'; posible pérdida de datos
LINK : warning LNK4098: la biblioteca predeterminada'MSVCRT' entra en conflicto con otras bibliotecas; use la biblioteca /NODEFAULTLIB:biblioteca
soil2-debug.lib(etc1_utils.obj) : warning LNK4099: no se encontró PDB '' con 'soil2-debug.lib(etc1_utils.obj)' o en ''; se vinculará el objeto sin tener en cuenta información de depuración
soil2-debug.lib(image_DXT.obj) : warning LNK4099: no se encontró PDB '' con 'soil2-debug.lib(image_DXT.obj)' o en ''; se vinculará el objeto sin tener en cuenta información de depuración
soil2-debug.lib(image_helper.obj) : warning LNK4099: no se encontró PDB '' con 'soil2-debug.lib(image_helper.obj)' o en ''; se vinculará el objeto sin tener en cuenta información de depuración
soil2-debug.lib(SOIL2.obj) : warning LNK4099: no se encontró PDB '' con 'soil2-debug.lib(SOIL2.obj)' o en ''; se vinculará el objeto sin tener en cuenta información de depuración
  Practica_10.vcxproj -> D:\8 semestre\computacion grafica\practicas\pract10\317008041_Reporte10_GPO12\Practica_10\Debug\Practica_10.exe
